<?xml version="1.0" encoding="UTF-8"?>
<testsuite xmlns:xsi="http://www.w3.org/2001/XMLSchema-instance" xsi:noNamespaceSchemaLocation="https://maven.apache.org/surefire/maven-surefire-plugin/xsd/surefire-test-report-3.0.xsd" version="3.0" name="fr.eni.devops.appdevops.AppDevopsApplicationTests" time="3.129" tests="1" errors="0" skipped="0" failures="0">
  <properties>
[...]
</properties>
  <testcase name="contextLoads" classname="fr.eni.devops.appdevops.AppDevopsApplicationTests" time="0.831">
    <system-out><![CDATA[08:03:44.980 [main] INFO org.springframework.test.context.support.AnnotationConfigContextLoaderUtils -- Could not detect default configuration classes for test class [fr.eni.devops.appdevops.AppDevopsApplicationTests]: AppDevopsApplicationTests does not declare any static, non-private, non-final, nested classes annotated with @Configuration.
08:03:45.131 [main] INFO org.springframework.boot.test.context.SpringBootTestContextBootstrapper -- Found @SpringBootConfiguration fr.eni.devops.appdevops.AppDevopsApplication for test class fr.eni.devops.appdevops.AppDevopsApplicationTests
08:03:45.346 [main] INFO org.springframework.boot.devtools.restart.RestartApplicationListener -- Restart disabled due to context in which it is running

  .   ____          _            __ _ _
 /\\ / ___'_ __ _ _(_)_ __  __ _ \ \ \ \
( ( )\___ | '_ | '_| | '_ \/ _` | \ \ \ \
 \\/  ___)| |_)| | | | | || (_| |  ) ) ) )
  '  |____| .__|_| |_|_| |_\__, | / / / /
 =========|_|==============|___/=/_/_/_/

 :: Spring Boot ::                (v3.3.2)

2024-08-27T08:03:45.656-03:00  INFO 43298 --- [app-devops] [           main] f.e.d.a.AppDevopsApplicationTests        : Starting AppDevopsApplicationTests using Java 17.0.12 with PID 43298 (started by sthomas in /home/sthomas/IdeaProjects/app-devops)
2024-08-27T08:03:45.658-03:00  INFO 43298 --- [app-devops] [           main] f.e.d.a.AppDevopsApplicationTests        : No active profile set, falling back to 1 default profile: "default"
2024-08-27T08:03:47.073-03:00  INFO 43298 --- [app-devops] [           main] f.e.d.a.AppDevopsApplicationTests        : Started AppDevopsApplicationTests in 1.747 seconds (process running for 2.814)
]]></system-out>
  </testcase>
</testsuite>